[debug] [2018-03-20T09:17:29.009Z] ----------------------------------------------------------------------
[debug] [2018-03-20T09:17:29.009Z] Command:       C:\Program Files\nodejs\node.exe C:\Users\Nitish Kumar Singh\AppData\Roaming\npm\node_modules\firebase-tools\bin\firebase deploy --only hosting
[debug] [2018-03-20T09:17:29.009Z] CLI Version:   3.17.4
[debug] [2018-03-20T09:17:29.009Z] Platform:      win32
[debug] [2018-03-20T09:17:29.009Z] Node Version:  v8.9.4
[debug] [2018-03-20T09:17:29.009Z] Time:          Tue Mar 20 2018 14:47:29 GMT+0530 (India Standard Time)
[debug] [2018-03-20T09:17:29.009Z] ----------------------------------------------------------------------
[debug] 
[debug] [2018-03-20T09:17:29.024Z] > command requires scopes: ["email","openid","https://www.googleapis.com/auth/cloudplatformprojects.readonly","https://www.googleapis.com/auth/firebase","https://www.googleapis.com/auth/cloud-platform"]
[debug] [2018-03-20T09:17:29.024Z] > authorizing via signed-in user
[debug] [2018-03-20T09:17:29.024Z] > refreshing access token with scopes: ["email","https://www.googleapis.com/auth/cloud-platform","https://www.googleapis.com/auth/cloudplatformprojects.readonly","https://www.googleapis.com/auth/firebase","openid"]
[debug] [2018-03-20T09:17:29.024Z] >>> HTTP REQUEST POST https://www.googleapis.com/oauth2/v3/token  
 { refresh_token: '1/zZWG3S-mG2F_EDaQWJNk9AHnjL_kgsprTv9wMyG6CiY',
  client_id: '563584335869-fgrhgmd47bqnekij5i8b5pr03ho849e6.apps.googleusercontent.com',
  client_secret: 'j9iVZfS8kkCEFUPaAeJV0sAi',
  grant_type: 'refresh_token',
  scope: 'email https://www.googleapis.com/auth/cloud-platform https://www.googleapis.com/auth/cloudplatformprojects.readonly https://www.googleapis.com/auth/firebase openid' } 
 Tue Mar 20 2018 14:47:29 GMT+0530 (India Standard Time)
[debug] [2018-03-20T09:17:29.393Z] <<< HTTP RESPONSE 200
[debug] [2018-03-20T09:17:29.408Z] >>> HTTP REQUEST GET https://admin.firebase.com/v1/projects/born-program  
  
 Tue Mar 20 2018 14:47:29 GMT+0530 (India Standard Time)
[info] 
[warn] !  Your CLI authentication needs to be updated to take advantage of new features.
[warn] !  Please run firebase login --reauth
[info] 
[debug] [2018-03-20T09:17:30.001Z] > command requires scopes: ["email","openid","https://www.googleapis.com/auth/cloudplatformprojects.readonly","https://www.googleapis.com/auth/firebase"]
[debug] [2018-03-20T09:17:30.001Z] > authorizing via signed-in user
[debug] [2018-03-20T09:17:30.001Z] > refreshing access token with scopes: ["email","https://www.googleapis.com/auth/cloudplatformprojects.readonly","https://www.googleapis.com/auth/firebase","openid"]
[debug] [2018-03-20T09:17:30.001Z] >>> HTTP REQUEST POST https://www.googleapis.com/oauth2/v3/token  
 { refresh_token: '1/zZWG3S-mG2F_EDaQWJNk9AHnjL_kgsprTv9wMyG6CiY',
  client_id: '563584335869-fgrhgmd47bqnekij5i8b5pr03ho849e6.apps.googleusercontent.com',
  client_secret: 'j9iVZfS8kkCEFUPaAeJV0sAi',
  grant_type: 'refresh_token',
  scope: 'email https://www.googleapis.com/auth/cloudplatformprojects.readonly https://www.googleapis.com/auth/firebase openid' } 
 Tue Mar 20 2018 14:47:30 GMT+0530 (India Standard Time)
[debug] [2018-03-20T09:17:30.218Z] <<< HTTP RESPONSE 200
[debug] [2018-03-20T09:17:30.234Z] >>> HTTP REQUEST GET https://admin.firebase.com/v1/projects/born-program  
  
 Tue Mar 20 2018 14:47:30 GMT+0530 (India Standard Time)
[debug] [2018-03-20T09:17:31.087Z] Error: read ECONNRESET
    at _errnoException (util.js:1022:11)
    at TLSWrap.onread (net.js:615:25)
[error] 
[error] Error: Server Error. read ECONNRESET
